<?xml version="1.0" encoding="UTF-8"?>
<!-- Generated by org.testng.reporters.JUnitXMLReporter -->
<testsuite ignored="9" hostname="DESKTOP-BC1IF9F" failures="0" tests="1" name="Default test" time="0.091" errors="0" timestamp="2021-07-14T14:27:27 PKT">
  <testcase classname="AutomationFrameWork.TestCases.SubscriptionTestCases.SubscriptionRegressionTestCases" name="@BeforeTest BeforeTest" time="-1.626254847869E9">
    <failure type="org.testng.TestNGException" message="
Parameter &amp;apos;browsers&amp;apos; is required by BeforeTest on method BeforeTest but has not been marked @Optional or defined
in C:\Users\PSW-KHI-0004\AppData\Local\Temp\testng-eclipse-1266961128\testng-customsuite.xml">
      <![CDATA[org.testng.TestNGException: 
Parameter 'browsers' is required by BeforeTest on method BeforeTest but has not been marked @Optional or defined
in C:\Users\PSW-KHI-0004\AppData\Local\Temp\testng-eclipse-1266961128\testng-customsuite.xml
at org.testng.internal.Parameters.createParams(Parameters.java:268)
at org.testng.internal.Parameters.createParametersForMethod(Parameters.java:356)
at org.testng.internal.Parameters.createParameters(Parameters.java:700)
at org.testng.internal.Parameters.createConfigurationParameters(Parameters.java:166)
at org.testng.internal.ConfigInvoker.invokeConfigurations(ConfigInvoker.java:301)
at org.testng.TestRunner.invokeTestConfigurations(TestRunner.java:617)
at org.testng.TestRunner.beforeRun(TestRunner.java:607)
at org.testng.TestRunner.run(TestRunner.java:578)
at org.testng.SuiteRunner.runTest(SuiteRunner.java:384)
at org.testng.SuiteRunner.runSequentially(SuiteRunner.java:378)
at org.testng.SuiteRunner.privateRun(SuiteRunner.java:337)
at org.testng.SuiteRunner.run(SuiteRunner.java:286)
at org.testng.SuiteRunnerWorker.runSuite(SuiteRunnerWorker.java:53)
at org.testng.SuiteRunnerWorker.run(SuiteRunnerWorker.java:96)
at org.testng.TestNG.runSuitesSequentially(TestNG.java:1218)
at org.testng.TestNG.runSuitesLocally(TestNG.java:1140)
at org.testng.TestNG.runSuites(TestNG.java:1069)
at org.testng.TestNG.run(TestNG.java:1037)
at org.testng.remote.AbstractRemoteTestNG.run(AbstractRemoteTestNG.java:115)
at org.testng.remote.RemoteTestNG.initAndRun(RemoteTestNG.java:251)
at org.testng.remote.RemoteTestNG.main(RemoteTestNG.java:77)
]]>
    </failure>
  </testcase> <!-- @BeforeTest BeforeTest -->
  <testcase classname="AutomationFrameWork.SetupFiles.Initilization" name="@BeforeClass setup" time="-1.626254847904E9">
    <skipped/>
  </testcase> <!-- @BeforeClass setup -->
  <testcase classname="AutomationFrameWork.SetupFiles.Initilization" name="@BeforeMethod BeforeMethod" time="-1.62625484793E9">
    <skipped/>
  </testcase> <!-- @BeforeMethod BeforeMethod -->
  <testcase classname="AutomationFrameWork.TestCases.SubscriptionTestCases.SubscriptionRegressionTestCases" name="TC10" time="0.0">
    <skipped/>
  </testcase> <!-- TC10 -->
  <testcase classname="AutomationFrameWork.TestCases.SubscriptionTestCases.SubscriptionRegressionTestCases" name="TC7" time="0.0">
    <ignored/>
  </testcase> <!-- TC7 -->
  <testcase classname="AutomationFrameWork.TestCases.SubscriptionTestCases.SubscriptionRegressionTestCases" name="TC8" time="0.0">
    <ignored/>
  </testcase> <!-- TC8 -->
  <testcase classname="AutomationFrameWork.TestCases.SubscriptionTestCases.SubscriptionRegressionTestCases" name="TC1" time="0.0">
    <ignored/>
  </testcase> <!-- TC1 -->
  <testcase classname="AutomationFrameWork.TestCases.SubscriptionTestCases.SubscriptionRegressionTestCases" name="TC2" time="0.0">
    <ignored/>
  </testcase> <!-- TC2 -->
  <testcase classname="AutomationFrameWork.TestCases.SubscriptionTestCases.SubscriptionRegressionTestCases" name="TC5" time="0.0">
    <ignored/>
  </testcase> <!-- TC5 -->
  <testcase classname="AutomationFrameWork.TestCases.SubscriptionTestCases.SubscriptionRegressionTestCases" name="TC6" time="0.0">
    <ignored/>
  </testcase> <!-- TC6 -->
  <testcase classname="AutomationFrameWork.TestCases.SubscriptionTestCases.SubscriptionRegressionTestCases" name="TC3" time="0.0">
    <ignored/>
  </testcase> <!-- TC3 -->
  <testcase classname="AutomationFrameWork.TestCases.SubscriptionTestCases.SubscriptionRegressionTestCases" name="TC4" time="0.0">
    <ignored/>
  </testcase> <!-- TC4 -->
  <testcase classname="AutomationFrameWork.TestCases.SubscriptionTestCases.SubscriptionRegressionTestCases" name="TC9" time="0.0">
    <ignored/>
  </testcase> <!-- TC9 -->
</testsuite> <!-- Default test -->
