<?xml version="1.0" encoding="UTF-8"?>
<!-- Generated by org.testng.reporters.JUnitXMLReporter -->
<testsuite hostname="CRKRW-KHANNHAR1" ignored="0" name="ChromeTestCases" tests="1" failures="1" timestamp="12 Apr 2018 13:32:43 GMT" time="7.471" errors="0">
  <testcase name="TC1" time="7.463" classname="AutomationFrameWork.TestCases.TestCase1">
    <failure type="java.lang.AssertionError" message="expected [http://va24-pd-r500w/POMS/Welcome.aspx] but found [http://va24-pd-r500w/poms/DesktopDefault.aspx?ReturnUrl=%2fPOMS%2fWelcome.aspx]">
      <![CDATA[java.lang.AssertionError: expected [http://va24-pd-r500w/POMS/Welcome.aspx] but found [http://va24-pd-r500w/poms/DesktopDefault.aspx?ReturnUrl=%2fPOMS%2fWelcome.aspx]
at AutomationFrameWork.TestCases.TestCase1.TC1(TestCase1.java:31)
... Removed 31 stack frames]]>
    </failure>
  </testcase> <!-- TC1 -->
</testsuite> <!-- ChromeTestCases -->
