<?xml version="1.0" encoding="UTF-8"?>
<!-- Generated by org.testng.reporters.JUnitXMLReporter -->
<testsuite ignored="5" hostname="DESKTOP-UD56VLK" failures="1" tests="15" name="SubscriptionAndUserRegistration" time="320.895" errors="0" timestamp="2021-04-28T10:31:26 PKT">
  <testcase classname="AutomationFrameWork.TestCases.SubscriptionTestCases.SubscriptionTestCases" name="TC1" time="113.053"/>
  <testcase classname="AutomationFrameWork.TestCases.UsersRegistration.TraderRegistrationTestCases" name="Login" time="39.618"/>
  <testcase classname="AutomationFrameWork.TestCases.UsersRegistration.TraderRegistrationTestCases" name="ValidateTraderRegistration" time="12.946"/>
  <testcase classname="AutomationFrameWork.TestCases.UsersRegistration.TraderRegistrationTestCases" name="validateTraderSpecificMenusAppear" time="2.751"/>
  <testcase classname="AutomationFrameWork.TestCases.UsersRegistration.TraderRegistrationTestCases" name="validatePinnedMenusAppear" time="6.598"/>
  <testcase classname="AutomationFrameWork.TestCases.UsersRegistration.TraderRegistrationTestCases" name="validateUnpinnedMenusDisappear" time="8.007"/>
  <testcase classname="AutomationFrameWork.TestCases.UsersRegistration.TraderRegistrationTestCases" name="searchAndOpenMenus" time="9.155"/>
  <testcase classname="AutomationFrameWork.TestCases.UsersRegistration.TraderRegistrationTestCases" name="Logout" time="1.555"/>
  <testcase classname="AutomationFrameWork.TestCases.UsersRegistration.CustomsRegistrationTestCases" name="Login" time="36.607"/>
  <testcase classname="AutomationFrameWork.TestCases.UsersRegistration.CustomsRegistrationTestCases" name="ValidateCustomsRegistration" time="12.951"/>
  <testcase classname="AutomationFrameWork.TestCases.UsersRegistration.CustomsRegistrationTestCases" name="validateCustomsAgentSpecificMenusAppear" time="4.959"/>
  <testcase classname="AutomationFrameWork.TestCases.UsersRegistration.CustomsRegistrationTestCases" name="validatePinnedMenusAppear" time="6.625"/>
  <testcase classname="AutomationFrameWork.TestCases.UsersRegistration.CustomsRegistrationTestCases" name="validateUnpinnedMenusDisappear" time="7.982"/>
  <testcase classname="AutomationFrameWork.TestCases.UsersRegistration.CustomsRegistrationTestCases" name="searchAndOpenMenus" time="8.426">
    <failure type="org.openqa.selenium.NoSuchElementException" message="no such element: Unable to locate element: {&amp;quot;method&amp;quot;:&amp;quot;xpath&amp;quot;,&amp;quot;selector&amp;quot;:&amp;quot;//p[@class=&amp;apos;title&amp;apos;]&amp;quot;}
  (Session info: chrome=90.0.4430.93)
For documentation on this error, please visit: https://www.seleniumhq.org/exceptions/no_such_element.html
Build info: version: &amp;apos;3.141.59&amp;apos;, revision: &amp;apos;e82be7d358&amp;apos;, time: &amp;apos;2018-11-14T08:17:03&amp;apos;
System info: host: &amp;apos;DESKTOP-UD56VLK&amp;apos;, ip: &amp;apos;172.17.1.84&amp;apos;, os.name: &amp;apos;Windows 10&amp;apos;, os.arch: &amp;apos;amd64&amp;apos;, os.version: &amp;apos;10.0&amp;apos;, java.version: &amp;apos;15.0.2&amp;apos;
Driver info: org.openqa.selenium.chrome.ChromeDriver
Capabilities {acceptInsecureCerts: false, browserName: chrome, browserVersion: 90.0.4430.93, chrome: {chromedriverVersion: 89.0.4389.23 (61b08ee2c5002..., userDataDir: C:\Users\RASHID~1\AppData\L...}, goog:chromeOptions: {debuggerAddress: localhost:52593}, javascriptEnabled: true, networkConnectionEnabled: false, pageLoadStrategy: normal, platform: WINDOWS, platformName: WINDOWS, proxy: Proxy(), setWindowRect: true, strictFileInteractability: false, timeouts: {implicit: 0, pageLoad: 300000, script: 30000}, unhandledPromptBehavior: accept, webauthn:extension:largeBlob: true, webauthn:virtualAuthenticators: true}
Session ID: 0be31954a56a5663eac639c0baba8417
*** Element info: {Using=xpath, value=//p[@class=&amp;apos;title&amp;apos;]}">
      <![CDATA[org.openqa.selenium.NoSuchElementException: no such element: Unable to locate element: {"method":"xpath","selector":"//p[@class='title']"}
  (Session info: chrome=90.0.4430.93)
For documentation on this error, please visit: https://www.seleniumhq.org/exceptions/no_such_element.html
Build info: version: '3.141.59', revision: 'e82be7d358', time: '2018-11-14T08:17:03'
System info: host: 'DESKTOP-UD56VLK', ip: '172.17.1.84', os.name: 'Windows 10', os.arch: 'amd64', os.version: '10.0', java.version: '15.0.2'
Driver info: org.openqa.selenium.chrome.ChromeDriver
Capabilities {acceptInsecureCerts: false, browserName: chrome, browserVersion: 90.0.4430.93, chrome: {chromedriverVersion: 89.0.4389.23 (61b08ee2c5002..., userDataDir: C:\Users\RASHID~1\AppData\L...}, goog:chromeOptions: {debuggerAddress: localhost:52593}, javascriptEnabled: true, networkConnectionEnabled: false, pageLoadStrategy: normal, platform: WINDOWS, platformName: WINDOWS, proxy: Proxy(), setWindowRect: true, strictFileInteractability: false, timeouts: {implicit: 0, pageLoad: 300000, script: 30000}, unhandledPromptBehavior: accept, webauthn:extension:largeBlob: true, webauthn:virtualAuthenticators: true}
Session ID: 0be31954a56a5663eac639c0baba8417
*** Element info: {Using=xpath, value=//p[@class='title']}
at org.openqa.selenium.remote.http.W3CHttpResponseCodec.createException(W3CHttpResponseCodec.java:187)
at org.openqa.selenium.remote.http.W3CHttpResponseCodec.decode(W3CHttpResponseCodec.java:122)
at org.openqa.selenium.remote.http.W3CHttpResponseCodec.decode(W3CHttpResponseCodec.java:49)
at org.openqa.selenium.remote.HttpCommandExecutor.execute(HttpCommandExecutor.java:158)
at org.openqa.selenium.remote.service.DriverCommandExecutor.execute(DriverCommandExecutor.java:83)
at org.openqa.selenium.remote.RemoteWebDriver.execute(RemoteWebDriver.java:552)
at org.openqa.selenium.remote.RemoteWebDriver.findElement(RemoteWebDriver.java:323)
at org.openqa.selenium.remote.RemoteWebDriver.findElementByXPath(RemoteWebDriver.java:428)
at org.openqa.selenium.By$ByXPath.findElement(By.java:353)
at org.openqa.selenium.remote.RemoteWebDriver.findElement(RemoteWebDriver.java:315)
at AutomationFrameWork.SetupFiles.Initilization.HardAssertion(Initilization.java:427)
at AutomationFrameWork.TestCases.UsersRegistration.CustomsRegistrationTestCases.searchAndOpenMenus(CustomsRegistrationTestCases.java:211)
at java.base/java.util.ArrayList.forEach(ArrayList.java:1511)
... Removed 32 stack frames]]>
    </failure>
  </testcase> <!-- searchAndOpenMenus -->
  <testcase classname="AutomationFrameWork.TestCases.UsersRegistration.CustomsRegistrationTestCases" name="Logout" time="1.675"/>
  <testcase classname="AutomationFrameWork.TestCases.SubscriptionTestCases.SubscriptionTestCases" name="TC5" time="0.0">
    <ignored/>
  </testcase> <!-- TC5 -->
  <testcase classname="AutomationFrameWork.TestCases.SubscriptionTestCases.SubscriptionTestCases" name="TC3" time="0.0">
    <ignored/>
  </testcase> <!-- TC3 -->
  <testcase classname="AutomationFrameWork.TestCases.SubscriptionTestCases.SubscriptionTestCases" name="TC6" time="0.0">
    <ignored/>
  </testcase> <!-- TC6 -->
  <testcase classname="AutomationFrameWork.TestCases.SubscriptionTestCases.SubscriptionTestCases" name="TC4" time="0.0">
    <ignored/>
  </testcase> <!-- TC4 -->
  <testcase classname="AutomationFrameWork.TestCases.SubscriptionTestCases.SubscriptionTestCases" name="TC2" time="0.0">
    <ignored/>
  </testcase> <!-- TC2 -->
</testsuite> <!-- SubscriptionAndUserRegistration -->
