<html>
<head>
<title>TestNG:  SubscriptionAndUserRegistration</title>
<link href="../testng.css" rel="stylesheet" type="text/css" />
<link href="../my-testng.css" rel="stylesheet" type="text/css" />

<style type="text/css">
.log { display: none;} 
.stack-trace { display: none;} 
</style>
<script type="text/javascript">
<!--
function flip(e) {
  current = e.style.display;
  if (current == 'block') {
    e.style.display = 'none';
    return 0;
  }
  else {
    e.style.display = 'block';
    return 1;
  }
}

function toggleBox(szDivId, elem, msg1, msg2)
{
  var res = -1;  if (document.getElementById) {
    res = flip(document.getElementById(szDivId));
  }
  else if (document.all) {
    // this is the way old msie versions work
    res = flip(document.all[szDivId]);
  }
  if(elem) {
    if(res == 0) elem.innerHTML = msg1; else elem.innerHTML = msg2;
  }

}

function toggleAllBoxes() {
  if (document.getElementsByTagName) {
    d = document.getElementsByTagName('div');
    for (i = 0; i < d.length; i++) {
      if (d[i].className == 'log') {
        flip(d[i]);
      }
    }
  }
}

// -->
</script>

</head>
<body>
<h2 align='center'>SubscriptionAndUserRegistration</h2><table border='1' align="center">
<tr>
<td>Tests passed/Failed/Skipped:</td><td>14/1/0</td>
</tr><tr>
<td>Started on:</td><td>Wed Apr 28 10:26:05 PKT 2021</td>
</tr>
<tr><td>Total time:</td><td>320 seconds (320895 ms)</td>
</tr><tr>
<td>Included groups:</td><td></td>
</tr><tr>
<td>Excluded groups:</td><td></td>
</tr>
</table><p/>
<small><i>(Hover the method name to see the test class name)</i></small><p/>
<table width='100%' border='1' class='invocation-failed'>
<tr><td colspan='4' align='center'><b>FAILED TESTS</b></td></tr>
<tr><td><b>Test method</b></td>
<td width="30%"><b>Exception</b></td>
<td width="10%"><b>Time (seconds)</b></td>
<td><b>Instance</b></td>
</tr>
<tr>
<td title='AutomationFrameWork.TestCases.UsersRegistration.CustomsRegistrationTestCases.searchAndOpenMenus()'><b>searchAndOpenMenus</b><br>Test class: AutomationFrameWork.TestCases.UsersRegistration.CustomsRegistrationTestCases<br>Test method: Verify search field w</td>
<td><div><pre>org.openqa.selenium.NoSuchElementException: no such element: Unable to locate element: {&quot;method&quot;:&quot;xpath&quot;,&quot;selector&quot;:&quot;//p[@class=&apos;title&apos;]&quot;}
  (Session info: chrome=90.0.4430.93)
For documentation on this error, please visit: https://www.seleniumhq.org/exceptions/no_such_element.html
Build info: version: &apos;3.141.59&apos;, revision: &apos;e82be7d358&apos;, time: &apos;2018-11-14T08:17:03&apos;
System info: host: &apos;DESKTOP-UD56VLK&apos;, ip: &apos;172.17.1.84&apos;, os.name: &apos;Windows 10&apos;, os.arch: &apos;amd64&apos;, os.version: &apos;10.0&apos;, java.version: &apos;15.0.2&apos;
Driver info: org.openqa.selenium.chrome.ChromeDriver
Capabilities {acceptInsecureCerts: false, browserName: chrome, browserVersion: 90.0.4430.93, chrome: {chromedriverVersion: 89.0.4389.23 (61b08ee2c5002..., userDataDir: C:\Users\RASHID~1\AppData\L...}, goog:chromeOptions: {debuggerAddress: localhost:52593}, javascriptEnabled: true, networkConnectionEnabled: false, pageLoadStrategy: normal, platform: WINDOWS, platformName: WINDOWS, proxy: Proxy(), setWindowRect: true, strictFileInteractability: false, timeouts: {implicit: 0, pageLoad: 300000, script: 30000}, unhandledPromptBehavior: accept, webauthn:extension:largeBlob: true, webauthn:virtualAuthenticators: true}
Session ID: 0be31954a56a5663eac639c0baba8417
*** Element info: {Using=xpath, value=//p[@class=&apos;title&apos;]}
	at org.openqa.selenium.remote.http.W3CHttpResponseCodec.createException(W3CHttpResponseCodec.java:187)
	at org.openqa.selenium.remote.http.W3CHttpResponseCodec.decode(W3CHttpResponseCodec.java:122)
	at org.openqa.selenium.remote.http.W3CHttpResponseCodec.decode(W3CHttpResponseCodec.java:49)
	at org.openqa.selenium.remote.HttpCommandExecutor.execute(HttpCommandExecutor.java:158)
	at org.openqa.selenium.remote.service.DriverCommandExecutor.execute(DriverCommandExecutor.java:83)
	at org.openqa.selenium.remote.RemoteWebDriver.execute(RemoteWebDriver.java:552)
	at org.openqa.selenium.remote.RemoteWebDriver.findElement(RemoteWebDriver.java:323)
	at org.openqa.selenium.remote.RemoteWebDriver.findElementByXPath(RemoteWebDriver.java:428)
	at org.openqa.selenium.By$ByXPath.findElement(By.java:353)
	at org.openqa.selenium.remote.RemoteWebDriver.findElement(RemoteWebDriver.java:315)
	at AutomationFrameWork.SetupFiles.Initilization.HardAssertion(Initilization.java:427)
	at AutomationFrameWork.TestCases.UsersRegistration.CustomsRegistrationTestCases.searchAndOpenMenus(CustomsRegistrationTestCases.java:211)
	at java.base/java.util.ArrayList.forEach(ArrayList.java:1511)
... Removed 32 stack frames</pre></div><a href='#' onClick='toggleBox("stack-trace1593727781", this, "Click to show all stack frames", "Click to hide stack frames")'>Click to show all stack frames</a>
<div class='stack-trace' id='stack-trace1593727781'><pre>org.openqa.selenium.NoSuchElementException: no such element: Unable to locate element: {&quot;method&quot;:&quot;xpath&quot;,&quot;selector&quot;:&quot;//p[@class=&apos;title&apos;]&quot;}
  (Session info: chrome=90.0.4430.93)
For documentation on this error, please visit: https://www.seleniumhq.org/exceptions/no_such_element.html
Build info: version: &apos;3.141.59&apos;, revision: &apos;e82be7d358&apos;, time: &apos;2018-11-14T08:17:03&apos;
System info: host: &apos;DESKTOP-UD56VLK&apos;, ip: &apos;172.17.1.84&apos;, os.name: &apos;Windows 10&apos;, os.arch: &apos;amd64&apos;, os.version: &apos;10.0&apos;, java.version: &apos;15.0.2&apos;
Driver info: org.openqa.selenium.chrome.ChromeDriver
Capabilities {acceptInsecureCerts: false, browserName: chrome, browserVersion: 90.0.4430.93, chrome: {chromedriverVersion: 89.0.4389.23 (61b08ee2c5002..., userDataDir: C:\Users\RASHID~1\AppData\L...}, goog:chromeOptions: {debuggerAddress: localhost:52593}, javascriptEnabled: true, networkConnectionEnabled: false, pageLoadStrategy: normal, platform: WINDOWS, platformName: WINDOWS, proxy: Proxy(), setWindowRect: true, strictFileInteractability: false, timeouts: {implicit: 0, pageLoad: 300000, script: 30000}, unhandledPromptBehavior: accept, webauthn:extension:largeBlob: true, webauthn:virtualAuthenticators: true}
Session ID: 0be31954a56a5663eac639c0baba8417
*** Element info: {Using=xpath, value=//p[@class=&apos;title&apos;]}
	at java.base/jdk.internal.reflect.NativeConstructorAccessorImpl.newInstance0(Native Method)
	at java.base/jdk.internal.reflect.NativeConstructorAccessorImpl.newInstance(NativeConstructorAccessorImpl.java:64)
	at java.base/jdk.internal.reflect.DelegatingConstructorAccessorImpl.newInstance(DelegatingConstructorAccessorImpl.java:45)
	at java.base/java.lang.reflect.Constructor.newInstanceWithCaller(Constructor.java:500)
	at java.base/java.lang.reflect.Constructor.newInstance(Constructor.java:481)
	at org.openqa.selenium.remote.http.W3CHttpResponseCodec.createException(W3CHttpResponseCodec.java:187)
	at org.openqa.selenium.remote.http.W3CHttpResponseCodec.decode(W3CHttpResponseCodec.java:122)
	at org.openqa.selenium.remote.http.W3CHttpResponseCodec.decode(W3CHttpResponseCodec.java:49)
	at org.openqa.selenium.remote.HttpCommandExecutor.execute(HttpCommandExecutor.java:158)
	at org.openqa.selenium.remote.service.DriverCommandExecutor.execute(DriverCommandExecutor.java:83)
	at org.openqa.selenium.remote.RemoteWebDriver.execute(RemoteWebDriver.java:552)
	at org.openqa.selenium.remote.RemoteWebDriver.findElement(RemoteWebDriver.java:323)
	at org.openqa.selenium.remote.RemoteWebDriver.findElementByXPath(RemoteWebDriver.java:428)
	at org.openqa.selenium.By$ByXPath.findElement(By.java:353)
	at org.openqa.selenium.remote.RemoteWebDriver.findElement(RemoteWebDriver.java:315)
	at AutomationFrameWork.SetupFiles.Initilization.HardAssertion(Initilization.java:427)
	at AutomationFrameWork.TestCases.UsersRegistration.CustomsRegistrationTestCases.searchAndOpenMenus(CustomsRegistrationTestCases.java:211)
	at java.base/jdk.internal.reflect.NativeMethodAccessorImpl.invoke0(Native Method)
	at java.base/jdk.internal.reflect.NativeMethodAccessorImpl.invoke(NativeMethodAccessorImpl.java:64)
	at java.base/jdk.internal.reflect.DelegatingMethodAccessorImpl.invoke(DelegatingMethodAccessorImpl.java:43)
	at java.base/java.lang.reflect.Method.invoke(Method.java:564)
	at org.testng.internal.MethodInvocationHelper.invokeMethod(MethodInvocationHelper.java:132)
	at org.testng.internal.TestInvoker.invokeMethod(TestInvoker.java:599)
	at org.testng.internal.TestInvoker.invokeTestMethod(TestInvoker.java:174)
	at org.testng.internal.MethodRunner.runInSequence(MethodRunner.java:46)
	at org.testng.internal.TestInvoker$MethodInvocationAgent.invoke(TestInvoker.java:822)
	at org.testng.internal.TestInvoker.invokeTestMethods(TestInvoker.java:147)
	at org.testng.internal.TestMethodWorker.invokeTestMethods(TestMethodWorker.java:146)
	at org.testng.internal.TestMethodWorker.run(TestMethodWorker.java:128)
	at java.base/java.util.ArrayList.forEach(ArrayList.java:1511)
	at org.testng.TestRunner.privateRun(TestRunner.java:764)
	at org.testng.TestRunner.run(TestRunner.java:585)
	at org.testng.SuiteRunner.runTest(SuiteRunner.java:384)
	at org.testng.SuiteRunner.runSequentially(SuiteRunner.java:378)
	at org.testng.SuiteRunner.privateRun(SuiteRunner.java:337)
	at org.testng.SuiteRunner.run(SuiteRunner.java:286)
	at org.testng.SuiteRunnerWorker.runSuite(SuiteRunnerWorker.java:53)
	at org.testng.SuiteRunnerWorker.run(SuiteRunnerWorker.java:96)
	at org.testng.TestNG.runSuitesSequentially(TestNG.java:1218)
	at org.testng.TestNG.runSuitesLocally(TestNG.java:1140)
	at org.testng.TestNG.runSuites(TestNG.java:1069)
	at org.testng.TestNG.run(TestNG.java:1037)
	at org.testng.remote.AbstractRemoteTestNG.run(AbstractRemoteTestNG.java:115)
	at org.testng.remote.RemoteTestNG.initAndRun(RemoteTestNG.java:251)
	at org.testng.remote.RemoteTestNG.main(RemoteTestNG.java:77)
</pre></div></td>
<td>8</td>
<td>AutomationFrameWork.TestCases.UsersRegistration.CustomsRegistrationTestCases@57c758ac</td></tr>
</table><p>
<table width='100%' border='1' class='invocation-passed'>
<tr><td colspan='4' align='center'><b>PASSED TESTS</b></td></tr>
<tr><td><b>Test method</b></td>
<td width="30%"><b>Exception</b></td>
<td width="10%"><b>Time (seconds)</b></td>
<td><b>Instance</b></td>
</tr>
<tr>
<td title='AutomationFrameWork.TestCases.UsersRegistration.TraderRegistrationTestCases.Login()'><b>Login</b><br>Test class: AutomationFrameWork.TestCases.UsersRegistration.TraderRegistrationTestCases<br>Test method: Login</td>
<td></td>
<td>39</td>
<td>AutomationFrameWork.TestCases.UsersRegistration.TraderRegistrationTestCases@67a20f67</td></tr>
<tr>
<td title='AutomationFrameWork.TestCases.UsersRegistration.CustomsRegistrationTestCases.Login()'><b>Login</b><br>Test class: AutomationFrameWork.TestCases.UsersRegistration.CustomsRegistrationTestCases<br>Test method: Login</td>
<td></td>
<td>36</td>
<td>AutomationFrameWork.TestCases.UsersRegistration.CustomsRegistrationTestCases@57c758ac</td></tr>
<tr>
<td title='AutomationFrameWork.TestCases.UsersRegistration.TraderRegistrationTestCases.Logout()'><b>Logout</b><br>Test class: AutomationFrameWork.TestCases.UsersRegistration.TraderRegistrationTestCases</td>
<td></td>
<td>1</td>
<td>AutomationFrameWork.TestCases.UsersRegistration.TraderRegistrationTestCases@67a20f67</td></tr>
<tr>
<td title='AutomationFrameWork.TestCases.UsersRegistration.CustomsRegistrationTestCases.Logout()'><b>Logout</b><br>Test class: AutomationFrameWork.TestCases.UsersRegistration.CustomsRegistrationTestCases</td>
<td></td>
<td>1</td>
<td>AutomationFrameWork.TestCases.UsersRegistration.CustomsRegistrationTestCases@57c758ac</td></tr>
<tr>
<td title='AutomationFrameWork.TestCases.SubscriptionTestCases.SubscriptionTestCases.TC1()'><b>TC1</b><br>Test class: AutomationFrameWork.TestCases.SubscriptionTestCases.SubscriptionTestCases<br>Test method: SubscriptionEndtoEnd<br>Parameters: 3757438, 4230187622021, 3172094681, rashid.ali@psw.gov.pk</td>
<td></td>
<td>113</td>
<td>AutomationFrameWork.TestCases.SubscriptionTestCases.SubscriptionTestCases@2667f029</td></tr>
<tr>
<td title='AutomationFrameWork.TestCases.UsersRegistration.CustomsRegistrationTestCases.ValidateCustomsRegistration()'><b>ValidateCustomsRegistration</b><br>Test class: AutomationFrameWork.TestCases.UsersRegistration.CustomsRegistrationTestCases<br>Test method: Open Registration Menu</td>
<td></td>
<td>12</td>
<td>AutomationFrameWork.TestCases.UsersRegistration.CustomsRegistrationTestCases@57c758ac</td></tr>
<tr>
<td title='AutomationFrameWork.TestCases.UsersRegistration.TraderRegistrationTestCases.ValidateTraderRegistration()'><b>ValidateTraderRegistration</b><br>Test class: AutomationFrameWork.TestCases.UsersRegistration.TraderRegistrationTestCases<br>Test method: verify Trader registartion</td>
<td></td>
<td>12</td>
<td>AutomationFrameWork.TestCases.UsersRegistration.TraderRegistrationTestCases@67a20f67</td></tr>
<tr>
<td title='AutomationFrameWork.TestCases.UsersRegistration.TraderRegistrationTestCases.searchAndOpenMenus()'><b>searchAndOpenMenus</b><br>Test class: AutomationFrameWork.TestCases.UsersRegistration.TraderRegistrationTestCases<br>Test method: Verify search menu open</td>
<td></td>
<td>9</td>
<td>AutomationFrameWork.TestCases.UsersRegistration.TraderRegistrationTestCases@67a20f67</td></tr>
<tr>
<td title='AutomationFrameWork.TestCases.UsersRegistration.CustomsRegistrationTestCases.validateCustomsAgentSpecificMenusAppear()'><b>validateCustomsAgentSpecificMenusAppear</b><br>Test class: AutomationFrameWork.TestCases.UsersRegistration.CustomsRegistrationTestCases<br>Test method: Verify Customs agent menus appear</td>
<td></td>
<td>4</td>
<td>AutomationFrameWork.TestCases.UsersRegistration.CustomsRegistrationTestCases@57c758ac</td></tr>
<tr>
<td title='AutomationFrameWork.TestCases.UsersRegistration.TraderRegistrationTestCases.validatePinnedMenusAppear()'><b>validatePinnedMenusAppear</b><br>Test class: AutomationFrameWork.TestCases.UsersRegistration.TraderRegistrationTestCases<br>Test method: Verify Pin menus appear</td>
<td></td>
<td>6</td>
<td>AutomationFrameWork.TestCases.UsersRegistration.TraderRegistrationTestCases@67a20f67</td></tr>
<tr>
<td title='AutomationFrameWork.TestCases.UsersRegistration.CustomsRegistrationTestCases.validatePinnedMenusAppear()'><b>validatePinnedMenusAppear</b><br>Test class: AutomationFrameWork.TestCases.UsersRegistration.CustomsRegistrationTestCases<br>Test method: Verify Pin menus appear on sidebar</td>
<td></td>
<td>6</td>
<td>AutomationFrameWork.TestCases.UsersRegistration.CustomsRegistrationTestCases@57c758ac</td></tr>
<tr>
<td title='AutomationFrameWork.TestCases.UsersRegistration.TraderRegistrationTestCases.validateTraderSpecificMenusAppear()'><b>validateTraderSpecificMenusAppear</b><br>Test class: AutomationFrameWork.TestCases.UsersRegistration.TraderRegistrationTestCases<br>Test method: Verify Trader specific menus appear on dashboard</td>
<td></td>
<td>2</td>
<td>AutomationFrameWork.TestCases.UsersRegistration.TraderRegistrationTestCases@67a20f67</td></tr>
<tr>
<td title='AutomationFrameWork.TestCases.UsersRegistration.TraderRegistrationTestCases.validateUnpinnedMenusDisappear()'><b>validateUnpinnedMenusDisappear</b><br>Test class: AutomationFrameWork.TestCases.UsersRegistration.TraderRegistrationTestCases<br>Test method: Verify Unpin menu disappear from the side bar</td>
<td></td>
<td>8</td>
<td>AutomationFrameWork.TestCases.UsersRegistration.TraderRegistrationTestCases@67a20f67</td></tr>
<tr>
<td title='AutomationFrameWork.TestCases.UsersRegistration.CustomsRegistrationTestCases.validateUnpinnedMenusDisappear()'><b>validateUnpinnedMenusDisappear</b><br>Test class: AutomationFrameWork.TestCases.UsersRegistration.CustomsRegistrationTestCases<br>Test method: Verify unpin menus disappear from the sidebar</td>
<td></td>
<td>7</td>
<td>AutomationFrameWork.TestCases.UsersRegistration.CustomsRegistrationTestCases@57c758ac</td></tr>
</table><p>
</body>
</html>