<?xml version="1.0" encoding="UTF-8"?>
<!-- Generated by org.testng.reporters.JUnitReportReporter -->
<testsuite hostname="DESKTOP-BC1IF9F" failures="0" tests="40" name="AutomationFrameWork.TestCases.CarrierDeclaration.AirFrightCarrierDeclarationTestCases2" time="5300.707" errors="2" timestamp="2021-08-17T18:41:22 PKT" skipped="0">
  <testcase classname="AutomationFrameWork.TestCases.CarrierDeclaration.AirFrightCarrierDeclarationTestCases2" name="TC1" time="143.649"/>
  <system-out/>
  <testcase classname="AutomationFrameWork.TestCases.CarrierDeclaration.AirFrightCarrierDeclarationTestCases2" name="TC1" time="128.334"/>
  <system-out/>
  <testcase classname="AutomationFrameWork.TestCases.CarrierDeclaration.AirFrightCarrierDeclarationTestCases2" name="TC1" time="67.772">
    <error message="Cannot locate option with value: 748
For documentation on this error, please visit: https://www.seleniumhq.org/exceptions/no_such_element.html
Build info: version: &#039;3.141.59&#039;, revision: &#039;e82be7d358&#039;, time: &#039;2018-11-14T08:17:03&#039;
System info: host: &#039;DESKTOP-BC1IF9F&#039;, ip: &#039;192.168.10.8&#039;, os.name: &#039;Windows 10&#039;, os.arch: &#039;amd64&#039;, os.version: &#039;10.0&#039;, java.version: &#039;15.0.2&#039;
Driver info: driver.version: unknown" type="org.openqa.selenium.NoSuchElementException">
      <![CDATA[org.openqa.selenium.NoSuchElementException: Cannot locate option with value: 748
For documentation on this error, please visit: https://www.seleniumhq.org/exceptions/no_such_element.html
Build info: version: '3.141.59', revision: 'e82be7d358', time: '2018-11-14T08:17:03'
System info: host: 'DESKTOP-BC1IF9F', ip: '192.168.10.8', os.name: 'Windows 10', os.arch: 'amd64', os.version: '10.0', java.version: '15.0.2'
Driver info: driver.version: unknown
at org.openqa.selenium.support.ui.Select.findOptionsByValue(Select.java:283)
at org.openqa.selenium.support.ui.Select.selectByValue(Select.java:186)
at AutomationFrameWork.SetupFiles.Initilization.dropDown(Initilization.java:762)
at AutomationFrameWork.TestCases.CarrierDeclaration.AirFrightCarrierDeclarationTestCases2.TC1(AirFrightCarrierDeclarationTestCases2.java:95)
at java.base/jdk.internal.reflect.NativeMethodAccessorImpl.invoke0(Native Method)
at java.base/jdk.internal.reflect.NativeMethodAccessorImpl.invoke(NativeMethodAccessorImpl.java:64)
at java.base/jdk.internal.reflect.DelegatingMethodAccessorImpl.invoke(DelegatingMethodAccessorImpl.java:43)
at java.base/java.lang.reflect.Method.invoke(Method.java:564)
at org.testng.internal.MethodInvocationHelper.invokeMethod(MethodInvocationHelper.java:132)
at org.testng.internal.TestInvoker.invokeMethod(TestInvoker.java:599)
at org.testng.internal.TestInvoker.invokeTestMethod(TestInvoker.java:174)
at org.testng.internal.MethodRunner.runInSequence(MethodRunner.java:46)
at org.testng.internal.TestInvoker$MethodInvocationAgent.invoke(TestInvoker.java:822)
at org.testng.internal.TestInvoker.invokeTestMethods(TestInvoker.java:147)
at org.testng.internal.TestMethodWorker.invokeTestMethods(TestMethodWorker.java:146)
at org.testng.internal.TestMethodWorker.run(TestMethodWorker.java:128)
at java.base/java.util.ArrayList.forEach(ArrayList.java:1511)
at org.testng.TestRunner.privateRun(TestRunner.java:764)
at org.testng.TestRunner.run(TestRunner.java:585)
at org.testng.SuiteRunner.runTest(SuiteRunner.java:384)
at org.testng.SuiteRunner.runSequentially(SuiteRunner.java:378)
at org.testng.SuiteRunner.privateRun(SuiteRunner.java:337)
at org.testng.SuiteRunner.run(SuiteRunner.java:286)
at org.testng.SuiteRunnerWorker.runSuite(SuiteRunnerWorker.java:53)
at org.testng.SuiteRunnerWorker.run(SuiteRunnerWorker.java:96)
at org.testng.TestNG.runSuitesSequentially(TestNG.java:1218)
at org.testng.TestNG.runSuitesLocally(TestNG.java:1140)
at org.testng.TestNG.runSuites(TestNG.java:1069)
at org.testng.TestNG.run(TestNG.java:1037)
at org.testng.remote.AbstractRemoteTestNG.run(AbstractRemoteTestNG.java:115)
at org.testng.remote.RemoteTestNG.initAndRun(RemoteTestNG.java:251)
at org.testng.remote.RemoteTestNG.main(RemoteTestNG.java:77)
]]>
    </error>
  </testcase> <!-- TC1 -->
  <system-out/>
  <testcase classname="AutomationFrameWork.TestCases.CarrierDeclaration.AirFrightCarrierDeclarationTestCases2" name="TC1" time="66.156">
    <error message="Cannot locate option with value: 748
For documentation on this error, please visit: https://www.seleniumhq.org/exceptions/no_such_element.html
Build info: version: &#039;3.141.59&#039;, revision: &#039;e82be7d358&#039;, time: &#039;2018-11-14T08:17:03&#039;
System info: host: &#039;DESKTOP-BC1IF9F&#039;, ip: &#039;192.168.10.8&#039;, os.name: &#039;Windows 10&#039;, os.arch: &#039;amd64&#039;, os.version: &#039;10.0&#039;, java.version: &#039;15.0.2&#039;
Driver info: driver.version: unknown" type="org.openqa.selenium.NoSuchElementException">
      <![CDATA[org.openqa.selenium.NoSuchElementException: Cannot locate option with value: 748
For documentation on this error, please visit: https://www.seleniumhq.org/exceptions/no_such_element.html
Build info: version: '3.141.59', revision: 'e82be7d358', time: '2018-11-14T08:17:03'
System info: host: 'DESKTOP-BC1IF9F', ip: '192.168.10.8', os.name: 'Windows 10', os.arch: 'amd64', os.version: '10.0', java.version: '15.0.2'
Driver info: driver.version: unknown
at org.openqa.selenium.support.ui.Select.findOptionsByValue(Select.java:283)
at org.openqa.selenium.support.ui.Select.selectByValue(Select.java:186)
at AutomationFrameWork.SetupFiles.Initilization.dropDown(Initilization.java:762)
at AutomationFrameWork.TestCases.CarrierDeclaration.AirFrightCarrierDeclarationTestCases2.TC1(AirFrightCarrierDeclarationTestCases2.java:95)
at jdk.internal.reflect.GeneratedMethodAccessor2.invoke(Unknown Source)
at java.base/jdk.internal.reflect.DelegatingMethodAccessorImpl.invoke(DelegatingMethodAccessorImpl.java:43)
at java.base/java.lang.reflect.Method.invoke(Method.java:564)
at org.testng.internal.MethodInvocationHelper.invokeMethod(MethodInvocationHelper.java:132)
at org.testng.internal.TestInvoker.invokeMethod(TestInvoker.java:599)
at org.testng.internal.TestInvoker.invokeTestMethod(TestInvoker.java:174)
at org.testng.internal.MethodRunner.runInSequence(MethodRunner.java:46)
at org.testng.internal.TestInvoker$MethodInvocationAgent.invoke(TestInvoker.java:822)
at org.testng.internal.TestInvoker.invokeTestMethods(TestInvoker.java:147)
at org.testng.internal.TestMethodWorker.invokeTestMethods(TestMethodWorker.java:146)
at org.testng.internal.TestMethodWorker.run(TestMethodWorker.java:128)
at java.base/java.util.ArrayList.forEach(ArrayList.java:1511)
at org.testng.TestRunner.privateRun(TestRunner.java:764)
at org.testng.TestRunner.run(TestRunner.java:585)
at org.testng.SuiteRunner.runTest(SuiteRunner.java:384)
at org.testng.SuiteRunner.runSequentially(SuiteRunner.java:378)
at org.testng.SuiteRunner.privateRun(SuiteRunner.java:337)
at org.testng.SuiteRunner.run(SuiteRunner.java:286)
at org.testng.SuiteRunnerWorker.runSuite(SuiteRunnerWorker.java:53)
at org.testng.SuiteRunnerWorker.run(SuiteRunnerWorker.java:96)
at org.testng.TestNG.runSuitesSequentially(TestNG.java:1218)
at org.testng.TestNG.runSuitesLocally(TestNG.java:1140)
at org.testng.TestNG.runSuites(TestNG.java:1069)
at org.testng.TestNG.run(TestNG.java:1037)
at org.testng.remote.AbstractRemoteTestNG.run(AbstractRemoteTestNG.java:115)
at org.testng.remote.RemoteTestNG.initAndRun(RemoteTestNG.java:251)
at org.testng.remote.RemoteTestNG.main(RemoteTestNG.java:77)
]]>
    </error>
  </testcase> <!-- TC1 -->
  <system-out/>
  <testcase classname="AutomationFrameWork.TestCases.CarrierDeclaration.AirFrightCarrierDeclarationTestCases2" name="TC1" time="124.561"/>
  <system-out/>
  <testcase classname="AutomationFrameWork.TestCases.CarrierDeclaration.AirFrightCarrierDeclarationTestCases2" name="TC1" time="136.955"/>
  <system-out/>
  <testcase classname="AutomationFrameWork.TestCases.CarrierDeclaration.AirFrightCarrierDeclarationTestCases2" name="TC1" time="161.316"/>
  <system-out/>
  <testcase classname="AutomationFrameWork.TestCases.CarrierDeclaration.AirFrightCarrierDeclarationTestCases2" name="TC1" time="147.552"/>
  <system-out/>
  <testcase classname="AutomationFrameWork.TestCases.CarrierDeclaration.AirFrightCarrierDeclarationTestCases2" name="TC1" time="139.086"/>
  <system-out/>
  <testcase classname="AutomationFrameWork.TestCases.CarrierDeclaration.AirFrightCarrierDeclarationTestCases2" name="TC1" time="147.119"/>
  <system-out/>
  <testcase classname="AutomationFrameWork.TestCases.CarrierDeclaration.AirFrightCarrierDeclarationTestCases2" name="TC1" time="132.538"/>
  <system-out/>
  <testcase classname="AutomationFrameWork.TestCases.CarrierDeclaration.AirFrightCarrierDeclarationTestCases2" name="TC1" time="124.398"/>
  <system-out/>
  <testcase classname="AutomationFrameWork.TestCases.CarrierDeclaration.AirFrightCarrierDeclarationTestCases2" name="TC1" time="130.917"/>
  <system-out/>
  <testcase classname="AutomationFrameWork.TestCases.CarrierDeclaration.AirFrightCarrierDeclarationTestCases2" name="TC1" time="124.713"/>
  <system-out/>
  <testcase classname="AutomationFrameWork.TestCases.CarrierDeclaration.AirFrightCarrierDeclarationTestCases2" name="TC1" time="125.369"/>
  <system-out/>
  <testcase classname="AutomationFrameWork.TestCases.CarrierDeclaration.AirFrightCarrierDeclarationTestCases2" name="TC1" time="139.914"/>
  <system-out/>
  <testcase classname="AutomationFrameWork.TestCases.CarrierDeclaration.AirFrightCarrierDeclarationTestCases2" name="TC1" time="139.790"/>
  <system-out/>
  <testcase classname="AutomationFrameWork.TestCases.CarrierDeclaration.AirFrightCarrierDeclarationTestCases2" name="TC1" time="140.839"/>
  <system-out/>
  <testcase classname="AutomationFrameWork.TestCases.CarrierDeclaration.AirFrightCarrierDeclarationTestCases2" name="TC1" time="146.393"/>
  <system-out/>
  <testcase classname="AutomationFrameWork.TestCases.CarrierDeclaration.AirFrightCarrierDeclarationTestCases2" name="TC1" time="144.955"/>
  <system-out/>
  <testcase classname="AutomationFrameWork.TestCases.CarrierDeclaration.AirFrightCarrierDeclarationTestCases2" name="TC1" time="124.266"/>
  <system-out/>
  <testcase classname="AutomationFrameWork.TestCases.CarrierDeclaration.AirFrightCarrierDeclarationTestCases2" name="TC1" time="149.005"/>
  <system-out/>
  <testcase classname="AutomationFrameWork.TestCases.CarrierDeclaration.AirFrightCarrierDeclarationTestCases2" name="TC1" time="126.028"/>
  <system-out/>
  <testcase classname="AutomationFrameWork.TestCases.CarrierDeclaration.AirFrightCarrierDeclarationTestCases2" name="TC1" time="141.379"/>
  <system-out/>
  <testcase classname="AutomationFrameWork.TestCases.CarrierDeclaration.AirFrightCarrierDeclarationTestCases2" name="TC1" time="127.915"/>
  <system-out/>
  <testcase classname="AutomationFrameWork.TestCases.CarrierDeclaration.AirFrightCarrierDeclarationTestCases2" name="TC1" time="140.332"/>
  <system-out/>
  <testcase classname="AutomationFrameWork.TestCases.CarrierDeclaration.AirFrightCarrierDeclarationTestCases2" name="TC1" time="128.072"/>
  <system-out/>
  <testcase classname="AutomationFrameWork.TestCases.CarrierDeclaration.AirFrightCarrierDeclarationTestCases2" name="TC1" time="140.416"/>
  <system-out/>
  <testcase classname="AutomationFrameWork.TestCases.CarrierDeclaration.AirFrightCarrierDeclarationTestCases2" name="TC1" time="142.254"/>
  <system-out/>
  <testcase classname="AutomationFrameWork.TestCases.CarrierDeclaration.AirFrightCarrierDeclarationTestCases2" name="TC1" time="125.586"/>
  <system-out/>
  <testcase classname="AutomationFrameWork.TestCases.CarrierDeclaration.AirFrightCarrierDeclarationTestCases2" name="TC1" time="125.814"/>
  <system-out/>
  <testcase classname="AutomationFrameWork.TestCases.CarrierDeclaration.AirFrightCarrierDeclarationTestCases2" name="TC1" time="145.071"/>
  <system-out/>
  <testcase classname="AutomationFrameWork.TestCases.CarrierDeclaration.AirFrightCarrierDeclarationTestCases2" name="TC1" time="127.080"/>
  <system-out/>
  <testcase classname="AutomationFrameWork.TestCases.CarrierDeclaration.AirFrightCarrierDeclarationTestCases2" name="TC1" time="138.115"/>
  <system-out/>
  <testcase classname="AutomationFrameWork.TestCases.CarrierDeclaration.AirFrightCarrierDeclarationTestCases2" name="TC1" time="142.791"/>
  <system-out/>
  <testcase classname="AutomationFrameWork.TestCases.CarrierDeclaration.AirFrightCarrierDeclarationTestCases2" name="TC1" time="142.567"/>
  <system-out/>
  <testcase classname="AutomationFrameWork.TestCases.CarrierDeclaration.AirFrightCarrierDeclarationTestCases2" name="TC1" time="136.452"/>
  <system-out/>
  <testcase classname="AutomationFrameWork.TestCases.CarrierDeclaration.AirFrightCarrierDeclarationTestCases2" name="TC1" time="125.716"/>
  <system-out/>
  <testcase classname="AutomationFrameWork.TestCases.CarrierDeclaration.AirFrightCarrierDeclarationTestCases2" name="TC1" time="134.291"/>
  <system-out/>
  <testcase classname="AutomationFrameWork.TestCases.CarrierDeclaration.AirFrightCarrierDeclarationTestCases2" name="TC1" time="125.231"/>
  <system-out/>
</testsuite> <!-- AutomationFrameWork.TestCases.CarrierDeclaration.AirFrightCarrierDeclarationTestCases2 -->
